The system is: Darwin - 13.1.0 - i386
Compiling the C compiler identification source file "CMakeCCompilerId.c" succeeded.
Compiler: /usr/bin/cc 
Build flags: 
Id flags: 

The output was:
0


Compilation of the C compiler identification source "CMakeCCompilerId.c" produced "a.out"

The C compiler identification is Clang, found in "/Users/MohitSridhar/ros_pkgs/src/gui_teleop/build/CMakeFiles/2.8.12.2/CompilerIdC/a.out"

Compiling the CXX compiler identification source file "CMakeCXXCompilerId.cpp" succeeded.
Compiler: /usr/bin/c++ 
Build flags: 
Id flags: 

The output was:
0


Compilation of the CXX compiler identification source "CMakeCXXCompilerId.cpp" produced "a.out"

The CXX compiler identification is Clang, found in "/Users/MohitSridhar/ros_pkgs/src/gui_teleop/build/CMakeFiles/2.8.12.2/CompilerIdCXX/a.out"

Determining if the C compiler works passed with the following output:
Change Dir: /Users/MohitSridhar/ros_pkgs/src/gui_teleop/build/CMakeFiles/CMakeTmp

Run Build Command:/usr/bin/make "cmTryCompileExec2014830639/fast"
/Applications/Xcode.app/Contents/Developer/usr/bin/make -f CMakeFiles/cmTryCompileExec2014830639.dir/build.make CMakeFiles/cmTryCompileExec2014830639.dir/build
/usr/local/Cellar/cmake/2.8.12.2/bin/cmake -E cmake_progress_report /Users/MohitSridhar/ros_pkgs/src/gui_teleop/build/CMakeFiles/CMakeTmp/CMakeFiles 1
Building C object CMakeFiles/cmTryCompileExec2014830639.dir/testCCompiler.c.o
/usr/bin/cc    -o CMakeFiles/cmTryCompileExec2014830639.dir/testCCompiler.c.o   -c /Users/MohitSridhar/ros_pkgs/src/gui_teleop/build/CMakeFiles/CMakeTmp/testCCompiler.c
Linking C executable cmTryCompileExec2014830639
/usr/local/Cellar/cmake/2.8.12.2/bin/cmake -E cmake_link_script CMakeFiles/cmTryCompileExec2014830639.dir/link.txt --verbose=1
/usr/bin/cc    -Wl,-search_paths_first -Wl,-headerpad_max_install_names   CMakeFiles/cmTryCompileExec2014830639.dir/testCCompiler.c.o  -o cmTryCompileExec2014830639  


Detecting C compiler ABI info compiled with the following output:
Change Dir: /Users/MohitSridhar/ros_pkgs/src/gui_teleop/build/CMakeFiles/CMakeTmp

Run Build Command:/usr/bin/make "cmTryCompileExec4002159097/fast"
/Applications/Xcode.app/Contents/Developer/usr/bin/make -f CMakeFiles/cmTryCompileExec4002159097.dir/build.make CMakeFiles/cmTryCompileExec4002159097.dir/build
/usr/local/Cellar/cmake/2.8.12.2/bin/cmake -E cmake_progress_report /Users/MohitSridhar/ros_pkgs/src/gui_teleop/build/CMakeFiles/CMakeTmp/CMakeFiles 1
Building C object CMakeFiles/cmTryCompileExec4002159097.dir/CMakeCCompilerABI.c.o
/usr/bin/cc    -o CMakeFiles/cmTryCompileExec4002159097.dir/CMakeCCompilerABI.c.o   -c /usr/local/Cellar/cmake/2.8.12.2/share/cmake/Modules/CMakeCCompilerABI.c
Linking C executable cmTryCompileExec4002159097
/usr/local/Cellar/cmake/2.8.12.2/bin/cmake -E cmake_link_script CMakeFiles/cmTryCompileExec4002159097.dir/link.txt --verbose=1
/usr/bin/cc    -Wl,-search_paths_first -Wl,-headerpad_max_install_names -v -Wl,-v CMakeFiles/cmTryCompileExec4002159097.dir/CMakeCCompilerABI.c.o  -o cmTryCompileExec4002159097   
Apple LLVM version 5.1 (clang-503.0.40) (based on LLVM 3.4svn)
Target: x86_64-apple-darwin13.1.0
Thread model: posix
 "/Applications/Xcode.app/Contents/Developer/Toolchains/XcodeDefault.xctoolchain/usr/bin/ld" -demangle -dynamic -arch x86_64 -macosx_version_min 10.9.0 -o cmTryCompileExec4002159097 -search_paths_first -headerpad_max_install_names -v CMakeFiles/cmTryCompileExec4002159097.dir/CMakeCCompilerABI.c.o -lSystem /Applications/Xcode.app/Contents/Developer/Toolchains/XcodeDefault.xctoolchain/usr/bin/../lib/clang/5.1/lib/darwin/libclang_rt.osx.a
@(#)PROGRAM:ld  PROJECT:ld64-236.4
configured to support archs: armv6 armv7 armv7s arm64 i386 x86_64 armv6m armv7m armv7em
Library search paths:
	/usr/lib
	/usr/local/lib
Framework search paths:
	/Library/Frameworks/
	/System/Library/Frameworks/


Parsed C implicit link information from above output:
  link line regex: [^( *|.*[/\])(ld|([^/\]+-)?ld|collect2)[^/\]*( |$)]
  ignore line: [Change Dir: /Users/MohitSridhar/ros_pkgs/src/gui_teleop/build/CMakeFiles/CMakeTmp]
  ignore line: []
  ignore line: [Run Build Command:/usr/bin/make "cmTryCompileExec4002159097/fast"]
  ignore line: [/Applications/Xcode.app/Contents/Developer/usr/bin/make -f CMakeFiles/cmTryCompileExec4002159097.dir/build.make CMakeFiles/cmTryCompileExec4002159097.dir/build]
  ignore line: [/usr/local/Cellar/cmake/2.8.12.2/bin/cmake -E cmake_progress_report /Users/MohitSridhar/ros_pkgs/src/gui_teleop/build/CMakeFiles/CMakeTmp/CMakeFiles 1]
  ignore line: [Building C object CMakeFiles/cmTryCompileExec4002159097.dir/CMakeCCompilerABI.c.o]
  ignore line: [/usr/bin/cc    -o CMakeFiles/cmTryCompileExec4002159097.dir/CMakeCCompilerABI.c.o   -c /usr/local/Cellar/cmake/2.8.12.2/share/cmake/Modules/CMakeCCompilerABI.c]
  ignore line: [Linking C executable cmTryCompileExec4002159097]
  ignore line: [/usr/local/Cellar/cmake/2.8.12.2/bin/cmake -E cmake_link_script CMakeFiles/cmTryCompileExec4002159097.dir/link.txt --verbose=1]
  ignore line: [/usr/bin/cc    -Wl,-search_paths_first -Wl,-headerpad_max_install_names -v -Wl,-v CMakeFiles/cmTryCompileExec4002159097.dir/CMakeCCompilerABI.c.o  -o cmTryCompileExec4002159097   ]
  ignore line: [Apple LLVM version 5.1 (clang-503.0.40) (based on LLVM 3.4svn)]
  ignore line: [Target: x86_64-apple-darwin13.1.0]
  ignore line: [Thread model: posix]
  link line: [ "/Applications/Xcode.app/Contents/Developer/Toolchains/XcodeDefault.xctoolchain/usr/bin/ld" -demangle -dynamic -arch x86_64 -macosx_version_min 10.9.0 -o cmTryCompileExec4002159097 -search_paths_first -headerpad_max_install_names -v CMakeFiles/cmTryCompileExec4002159097.dir/CMakeCCompilerABI.c.o -lSystem /Applications/Xcode.app/Contents/Developer/Toolchains/XcodeDefault.xctoolchain/usr/bin/../lib/clang/5.1/lib/darwin/libclang_rt.osx.a]
    arg [/Applications/Xcode.app/Contents/Developer/Toolchains/XcodeDefault.xctoolchain/usr/bin/ld] ==> ignore
    arg [-demangle] ==> ignore
    arg [-dynamic] ==> ignore
    arg [-arch] ==> ignore
    arg [x86_64] ==> ignore
    arg [-macosx_version_min] ==> ignore
    arg [10.9.0] ==> ignore
    arg [-o] ==> ignore
    arg [cmTryCompileExec4002159097] ==> ignore
    arg [-search_paths_first] ==> ignore
    arg [-headerpad_max_install_names] ==> ignore
    arg [-v] ==> ignore
    arg [CMakeFiles/cmTryCompileExec4002159097.dir/CMakeCCompilerABI.c.o] ==> ignore
    arg [-lSystem] ==> lib [System]
    arg [/Applications/Xcode.app/Contents/Developer/Toolchains/XcodeDefault.xctoolchain/usr/bin/../lib/clang/5.1/lib/darwin/libclang_rt.osx.a] ==> lib [/Applications/Xcode.app/Contents/Developer/Toolchains/XcodeDefault.xctoolchain/usr/bin/../lib/clang/5.1/lib/darwin/libclang_rt.osx.a]
  Library search paths: [;/usr/lib;/usr/local/lib]
  Framework search paths: [;/Library/Frameworks/;/System/Library/Frameworks/]
  remove lib [System]
  collapse lib [/Applications/Xcode.app/Contents/Developer/Toolchains/XcodeDefault.xctoolchain/usr/bin/../lib/clang/5.1/lib/darwin/libclang_rt.osx.a] ==> [/Applications/Xcode.app/Contents/Developer/Toolchains/XcodeDefault.xctoolchain/usr/lib/clang/5.1/lib/darwin/libclang_rt.osx.a]
  collapse library dir [/usr/lib] ==> [/usr/lib]
  collapse library dir [/usr/local/lib] ==> [/usr/local/lib]
  collapse framework dir [/Library/Frameworks/] ==> [/Library/Frameworks]
  collapse framework dir [/System/Library/Frameworks/] ==> [/System/Library/Frameworks]
  implicit libs: [/Applications/Xcode.app/Contents/Developer/Toolchains/XcodeDefault.xctoolchain/usr/lib/clang/5.1/lib/darwin/libclang_rt.osx.a]
  implicit dirs: [/usr/lib;/usr/local/lib]
  implicit fwks: [/Library/Frameworks;/System/Library/Frameworks]


Determining if the CXX compiler works passed with the following output:
Change Dir: /Users/MohitSridhar/ros_pkgs/src/gui_teleop/build/CMakeFiles/CMakeTmp

Run Build Command:/usr/bin/make "cmTryCompileExec3033178432/fast"
/Applications/Xcode.app/Contents/Developer/usr/bin/make -f CMakeFiles/cmTryCompileExec3033178432.dir/build.make CMakeFiles/cmTryCompileExec3033178432.dir/build
/usr/local/Cellar/cmake/2.8.12.2/bin/cmake -E cmake_progress_report /Users/MohitSridhar/ros_pkgs/src/gui_teleop/build/CMakeFiles/CMakeTmp/CMakeFiles 1
Building CXX object CMakeFiles/cmTryCompileExec3033178432.dir/testCXXCompiler.cxx.o
/usr/bin/c++     -o CMakeFiles/cmTryCompileExec3033178432.dir/testCXXCompiler.cxx.o -c /Users/MohitSridhar/ros_pkgs/src/gui_teleop/build/CMakeFiles/CMakeTmp/testCXXCompiler.cxx
Linking CXX executable cmTryCompileExec3033178432
/usr/local/Cellar/cmake/2.8.12.2/bin/cmake -E cmake_link_script CMakeFiles/cmTryCompileExec3033178432.dir/link.txt --verbose=1
/usr/bin/c++     -Wl,-search_paths_first -Wl,-headerpad_max_install_names   CMakeFiles/cmTryCompileExec3033178432.dir/testCXXCompiler.cxx.o  -o cmTryCompileExec3033178432  


Detecting CXX compiler ABI info compiled with the following output:
Change Dir: /Users/MohitSridhar/ros_pkgs/src/gui_teleop/build/CMakeFiles/CMakeTmp

Run Build Command:/usr/bin/make "cmTryCompileExec532216226/fast"
/Applications/Xcode.app/Contents/Developer/usr/bin/make -f CMakeFiles/cmTryCompileExec532216226.dir/build.make CMakeFiles/cmTryCompileExec532216226.dir/build
/usr/local/Cellar/cmake/2.8.12.2/bin/cmake -E cmake_progress_report /Users/MohitSridhar/ros_pkgs/src/gui_teleop/build/CMakeFiles/CMakeTmp/CMakeFiles 1
Building CXX object CMakeFiles/cmTryCompileExec532216226.dir/CMakeCXXCompilerABI.cpp.o
/usr/bin/c++     -o CMakeFiles/cmTryCompileExec532216226.dir/CMakeCXXCompilerABI.cpp.o -c /usr/local/Cellar/cmake/2.8.12.2/share/cmake/Modules/CMakeCXXCompilerABI.cpp
Linking CXX executable cmTryCompileExec532216226
/usr/local/Cellar/cmake/2.8.12.2/bin/cmake -E cmake_link_script CMakeFiles/cmTryCompileExec532216226.dir/link.txt --verbose=1
/usr/bin/c++     -Wl,-search_paths_first -Wl,-headerpad_max_install_names -v -Wl,-v CMakeFiles/cmTryCompileExec532216226.dir/CMakeCXXCompilerABI.cpp.o  -o cmTryCompileExec532216226   
Apple LLVM version 5.1 (clang-503.0.40) (based on LLVM 3.4svn)
Target: x86_64-apple-darwin13.1.0
Thread model: posix
 "/Applications/Xcode.app/Contents/Developer/Toolchains/XcodeDefault.xctoolchain/usr/bin/ld" -demangle -dynamic -arch x86_64 -macosx_version_min 10.9.0 -o cmTryCompileExec532216226 -search_paths_first -headerpad_max_install_names -v CMakeFiles/cmTryCompileExec532216226.dir/CMakeCXXCompilerABI.cpp.o -lc++ -lSystem /Applications/Xcode.app/Contents/Developer/Toolchains/XcodeDefault.xctoolchain/usr/bin/../lib/clang/5.1/lib/darwin/libclang_rt.osx.a
@(#)PROGRAM:ld  PROJECT:ld64-236.4
configured to support archs: armv6 armv7 armv7s arm64 i386 x86_64 armv6m armv7m armv7em
Library search paths:
	/usr/lib
	/usr/local/lib
Framework search paths:
	/Library/Frameworks/
	/System/Library/Frameworks/


Parsed CXX implicit link information from above output:
  link line regex: [^( *|.*[/\])(ld|([^/\]+-)?ld|collect2)[^/\]*( |$)]
  ignore line: [Change Dir: /Users/MohitSridhar/ros_pkgs/src/gui_teleop/build/CMakeFiles/CMakeTmp]
  ignore line: []
  ignore line: [Run Build Command:/usr/bin/make "cmTryCompileExec532216226/fast"]
  ignore line: [/Applications/Xcode.app/Contents/Developer/usr/bin/make -f CMakeFiles/cmTryCompileExec532216226.dir/build.make CMakeFiles/cmTryCompileExec532216226.dir/build]
  ignore line: [/usr/local/Cellar/cmake/2.8.12.2/bin/cmake -E cmake_progress_report /Users/MohitSridhar/ros_pkgs/src/gui_teleop/build/CMakeFiles/CMakeTmp/CMakeFiles 1]
  ignore line: [Building CXX object CMakeFiles/cmTryCompileExec532216226.dir/CMakeCXXCompilerABI.cpp.o]
  ignore line: [/usr/bin/c++     -o CMakeFiles/cmTryCompileExec532216226.dir/CMakeCXXCompilerABI.cpp.o -c /usr/local/Cellar/cmake/2.8.12.2/share/cmake/Modules/CMakeCXXCompilerABI.cpp]
  ignore line: [Linking CXX executable cmTryCompileExec532216226]
  ignore line: [/usr/local/Cellar/cmake/2.8.12.2/bin/cmake -E cmake_link_script CMakeFiles/cmTryCompileExec532216226.dir/link.txt --verbose=1]
  ignore line: [/usr/bin/c++     -Wl,-search_paths_first -Wl,-headerpad_max_install_names -v -Wl,-v CMakeFiles/cmTryCompileExec532216226.dir/CMakeCXXCompilerABI.cpp.o  -o cmTryCompileExec532216226   ]
  ignore line: [Apple LLVM version 5.1 (clang-503.0.40) (based on LLVM 3.4svn)]
  ignore line: [Target: x86_64-apple-darwin13.1.0]
  ignore line: [Thread model: posix]
  link line: [ "/Applications/Xcode.app/Contents/Developer/Toolchains/XcodeDefault.xctoolchain/usr/bin/ld" -demangle -dynamic -arch x86_64 -macosx_version_min 10.9.0 -o cmTryCompileExec532216226 -search_paths_first -headerpad_max_install_names -v CMakeFiles/cmTryCompileExec532216226.dir/CMakeCXXCompilerABI.cpp.o -lc++ -lSystem /Applications/Xcode.app/Contents/Developer/Toolchains/XcodeDefault.xctoolchain/usr/bin/../lib/clang/5.1/lib/darwin/libclang_rt.osx.a]
    arg [/Applications/Xcode.app/Contents/Developer/Toolchains/XcodeDefault.xctoolchain/usr/bin/ld] ==> ignore
    arg [-demangle] ==> ignore
    arg [-dynamic] ==> ignore
    arg [-arch] ==> ignore
    arg [x86_64] ==> ignore
    arg [-macosx_version_min] ==> ignore
    arg [10.9.0] ==> ignore
    arg [-o] ==> ignore
    arg [cmTryCompileExec532216226] ==> ignore
    arg [-search_paths_first] ==> ignore
    arg [-headerpad_max_install_names] ==> ignore
    arg [-v] ==> ignore
    arg [CMakeFiles/cmTryCompileExec532216226.dir/CMakeCXXCompilerABI.cpp.o] ==> ignore
    arg [-lc++] ==> lib [c++]
    arg [-lSystem] ==> lib [System]
    arg [/Applications/Xcode.app/Contents/Developer/Toolchains/XcodeDefault.xctoolchain/usr/bin/../lib/clang/5.1/lib/darwin/libclang_rt.osx.a] ==> lib [/Applications/Xcode.app/Contents/Developer/Toolchains/XcodeDefault.xctoolchain/usr/bin/../lib/clang/5.1/lib/darwin/libclang_rt.osx.a]
  Library search paths: [;/usr/lib;/usr/local/lib]
  Framework search paths: [;/Library/Frameworks/;/System/Library/Frameworks/]
  remove lib [System]
  collapse lib [/Applications/Xcode.app/Contents/Developer/Toolchains/XcodeDefault.xctoolchain/usr/bin/../lib/clang/5.1/lib/darwin/libclang_rt.osx.a] ==> [/Applications/Xcode.app/Contents/Developer/Toolchains/XcodeDefault.xctoolchain/usr/lib/clang/5.1/lib/darwin/libclang_rt.osx.a]
  collapse library dir [/usr/lib] ==> [/usr/lib]
  collapse library dir [/usr/local/lib] ==> [/usr/local/lib]
  collapse framework dir [/Library/Frameworks/] ==> [/Library/Frameworks]
  collapse framework dir [/System/Library/Frameworks/] ==> [/System/Library/Frameworks]
  implicit libs: [c++;/Applications/Xcode.app/Contents/Developer/Toolchains/XcodeDefault.xctoolchain/usr/lib/clang/5.1/lib/darwin/libclang_rt.osx.a]
  implicit dirs: [/usr/lib;/usr/local/lib]
  implicit fwks: [/Library/Frameworks;/System/Library/Frameworks]


Determining if the Q_WS_MAC exist passed with the following output:
Change Dir: /Users/MohitSridhar/ros_pkgs/src/gui_teleop/build/CMakeFiles/CMakeTmp

Run Build Command:/usr/bin/make "cmTryCompileExec2303683980/fast"
/Applications/Xcode.app/Contents/Developer/usr/bin/make -f CMakeFiles/cmTryCompileExec2303683980.dir/build.make CMakeFiles/cmTryCompileExec2303683980.dir/build
/usr/local/Cellar/cmake/2.8.12.2/bin/cmake -E cmake_progress_report /Users/MohitSridhar/ros_pkgs/src/gui_teleop/build/CMakeFiles/CMakeTmp/CMakeFiles 1
Building CXX object CMakeFiles/cmTryCompileExec2303683980.dir/CheckSymbolExists.cxx.o
/usr/bin/c++    -I/usr/local/Cellar/qt/4.8.6/include -F/usr/local/Cellar/qt/4.8.6/lib    -o CMakeFiles/cmTryCompileExec2303683980.dir/CheckSymbolExists.cxx.o -c /Users/MohitSridhar/ros_pkgs/src/gui_teleop/build/CMakeFiles/CMakeTmp/CheckSymbolExists.cxx
Linking CXX executable cmTryCompileExec2303683980
/usr/local/Cellar/cmake/2.8.12.2/bin/cmake -E cmake_link_script CMakeFiles/cmTryCompileExec2303683980.dir/link.txt --verbose=1
/usr/bin/c++     -Wl,-search_paths_first -Wl,-headerpad_max_install_names   CMakeFiles/cmTryCompileExec2303683980.dir/CheckSymbolExists.cxx.o  -o cmTryCompileExec2303683980  

File /Users/MohitSridhar/ros_pkgs/src/gui_teleop/build/CMakeFiles/CMakeTmp/CheckSymbolExists.cxx:
/* */
#include <QtCore/qglobal.h>

int main(int argc, char** argv)
{
  (void)argv;
#ifndef Q_WS_MAC
  return ((int*)(&Q_WS_MAC))[argc];
#else
  (void)argc;
  return 0;
#endif
}

Determining if the QT_MAC_USE_COCOA exist passed with the following output:
Change Dir: /Users/MohitSridhar/ros_pkgs/src/gui_teleop/build/CMakeFiles/CMakeTmp

Run Build Command:/usr/bin/make "cmTryCompileExec2453585100/fast"
/Applications/Xcode.app/Contents/Developer/usr/bin/make -f CMakeFiles/cmTryCompileExec2453585100.dir/build.make CMakeFiles/cmTryCompileExec2453585100.dir/build
/usr/local/Cellar/cmake/2.8.12.2/bin/cmake -E cmake_progress_report /Users/MohitSridhar/ros_pkgs/src/gui_teleop/build/CMakeFiles/CMakeTmp/CMakeFiles 1
Building CXX object CMakeFiles/cmTryCompileExec2453585100.dir/CheckSymbolExists.cxx.o
/usr/bin/c++    -I/usr/local/Cellar/qt/4.8.6/include -F/usr/local/Cellar/qt/4.8.6/lib    -o CMakeFiles/cmTryCompileExec2453585100.dir/CheckSymbolExists.cxx.o -c /Users/MohitSridhar/ros_pkgs/src/gui_teleop/build/CMakeFiles/CMakeTmp/CheckSymbolExists.cxx
Linking CXX executable cmTryCompileExec2453585100
/usr/local/Cellar/cmake/2.8.12.2/bin/cmake -E cmake_link_script CMakeFiles/cmTryCompileExec2453585100.dir/link.txt --verbose=1
/usr/bin/c++     -Wl,-search_paths_first -Wl,-headerpad_max_install_names   CMakeFiles/cmTryCompileExec2453585100.dir/CheckSymbolExists.cxx.o  -o cmTryCompileExec2453585100  

File /Users/MohitSridhar/ros_pkgs/src/gui_teleop/build/CMakeFiles/CMakeTmp/CheckSymbolExists.cxx:
/* */
#include <QtCore/qconfig.h>

int main(int argc, char** argv)
{
  (void)argv;
#ifndef QT_MAC_USE_COCOA
  return ((int*)(&QT_MAC_USE_COCOA))[argc];
#else
  (void)argc;
  return 0;
#endif
}

